<?xml version="1.0" encoding="UTF-8"?>
<testsuites>
  <testsuite name="CLI Arguments" tests="1" assertions="4" errors="0" failures="0" skipped="0" time="0.803032">
    <testsuite name="Tests\Feature\LaravelNyumon\Station11\DiaryControllerTest" file="/var/www/tests/Feature/LaravelNyumon/Station11/DiaryControllerTest.php" tests="1" assertions="4" errors="0" failures="0" skipped="0" time="0.803032">
      <testcase name="test_個別記事が表示される" file="/var/www/tests/Feature/LaravelNyumon/Station11/DiaryControllerTest.php" line="17" class="Tests\Feature\LaravelNyumon\Station11\DiaryControllerTest" classname="Tests.Feature.LaravelNyumon.Station11.DiaryControllerTest" assertions="4" time="0.803032"/>
    </testsuite>
  </testsuite>
</testsuites>
